
*** Running vivado
    with args -log arm_processor_axi_smc_1.vds -m64 -product Vivado -mode batch -messageDb vivado.pb -notrace -source arm_processor_axi_smc_1.tcl



****** Vivado v2024.2 (64-bit)
  **** SW Build 5239630 on Fri Nov 08 22:35:27 MST 2024
  **** IP Build 5239520 on Sun Nov 10 16:12:51 MST 2024
  **** SharedData Build 5239561 on Fri Nov 08 14:39:27 MST 2024
  **** Start of session at: Thu Jan  9 13:39:46 2025
    ** Copyright 1986-2022 Xilinx, Inc. All Rights Reserved.
    ** Copyright 2022-2024 Advanced Micro Devices, Inc. All Rights Reserved.

source arm_processor_axi_smc_1.tcl -notrace
INFO: [IP_Flow 19-6924] IPCACHE: Running cache check for IP inst: arm_processor_axi_smc_1
Command: synth_design -top arm_processor_axi_smc_1 -part xcku5p-ffvb676-2-e -incremental_mode off -mode out_of_context
Starting synth_design
Attempting to get a license for feature 'Synthesis' and/or device 'xcku5p'
INFO: [Common 17-349] Got license for feature 'Synthesis' and/or device 'xcku5p'
INFO: [Device 21-403] Loading part xcku5p-ffvb676-2-e
INFO: [Synth 8-7079] Multithreading enabled for synth_design using a maximum of 2 processes.
INFO: [Synth 8-7078] Launching helper process for spawning children vivado processes
INFO: [Synth 8-7075] Helper process launched with PID 38752
---------------------------------------------------------------------------------
Starting RTL Elaboration : Time (s): cpu = 00:00:03 ; elapsed = 00:00:06 . Memory (MB): peak = 1710.961 ; gain = 217.707
---------------------------------------------------------------------------------
WARNING: [Synth 8-10507] attribute 'X_INTERFACE_MODE' is already specified; last one will take precedence [c:/project_4/project_4.gen/sources_1/bd/arm_processor/ip/arm_processor_axi_smc_1/bd_0/ip/ip_7/synth/bd_da22_aroutsw_0.sv:94]
WARNING: [Synth 8-10507] attribute 'X_INTERFACE_MODE' is already specified; last one will take precedence [c:/project_4/project_4.gen/sources_1/bd/arm_processor/ip/arm_processor_axi_smc_1/bd_0/ip/ip_8/synth/bd_da22_routsw_0.sv:83]
WARNING: [Synth 8-10507] attribute 'X_INTERFACE_PARAMETER' is already specified; last one will take precedence [c:/project_4/project_4.gen/sources_1/bd/arm_processor/ip/arm_processor_axi_smc_1/bd_0/ip/ip_8/synth/bd_da22_routsw_0.sv:84]
WARNING: [Synth 8-10507] attribute 'X_INTERFACE_MODE' is already specified; last one will take precedence [c:/project_4/project_4.gen/sources_1/bd/arm_processor/ip/arm_processor_axi_smc_1/bd_0/ip/ip_9/synth/bd_da22_awoutsw_0.sv:94]
WARNING: [Synth 8-10507] attribute 'X_INTERFACE_MODE' is already specified; last one will take precedence [c:/project_4/project_4.gen/sources_1/bd/arm_processor/ip/arm_processor_axi_smc_1/bd_0/ip/ip_10/synth/bd_da22_woutsw_0.sv:94]
WARNING: [Synth 8-10507] attribute 'X_INTERFACE_MODE' is already specified; last one will take precedence [c:/project_4/project_4.gen/sources_1/bd/arm_processor/ip/arm_processor_axi_smc_1/bd_0/ip/ip_11/synth/bd_da22_boutsw_0.sv:83]
WARNING: [Synth 8-10507] attribute 'X_INTERFACE_PARAMETER' is already specified; last one will take precedence [c:/project_4/project_4.gen/sources_1/bd/arm_processor/ip/arm_processor_axi_smc_1/bd_0/ip/ip_11/synth/bd_da22_boutsw_0.sv:84]
INFO: [Synth 8-6157] synthesizing module 'arm_processor_axi_smc_1' [c:/project_4/project_4.gen/sources_1/bd/arm_processor/ip/arm_processor_axi_smc_1/synth/arm_processor_axi_smc_1.v:53]
INFO: [Synth 8-6157] synthesizing module 'bd_da22' [c:/project_4/project_4.gen/sources_1/bd/arm_processor/ip/arm_processor_axi_smc_1/bd_0/synth/bd_da22.v:10]
INFO: [Synth 8-6157] synthesizing module 'clk_map_imp_1VHZEMG' [c:/project_4/project_4.gen/sources_1/bd/arm_processor/ip/arm_processor_axi_smc_1/bd_0/synth/bd_da22.v:793]
INFO: [Synth 8-6157] synthesizing module 'bd_da22_one_0' [c:/project_4/project_4.gen/sources_1/bd/arm_processor/ip/arm_processor_axi_smc_1/bd_0/ip/ip_0/synth/bd_da22_one_0.v:53]
INFO: [Synth 8-6157] synthesizing module 'xlconstant_v1_1_9_xlconstant' [c:/project_4/project_4.gen/sources_1/bd/arm_processor/ipshared/e2d2/hdl/xlconstant_v1_1_vl_rfs.v:68]
INFO: [Synth 8-6155] done synthesizing module 'xlconstant_v1_1_9_xlconstant' (0#1) [c:/project_4/project_4.gen/sources_1/bd/arm_processor/ipshared/e2d2/hdl/xlconstant_v1_1_vl_rfs.v:68]
INFO: [Synth 8-6155] done synthesizing module 'bd_da22_one_0' (0#1) [c:/project_4/project_4.gen/sources_1/bd/arm_processor/ip/arm_processor_axi_smc_1/bd_0/ip/ip_0/synth/bd_da22_one_0.v:53]
INFO: [Synth 8-638] synthesizing module 'bd_da22_psr_aclk_0' [c:/project_4/project_4.gen/sources_1/bd/arm_processor/ip/arm_processor_axi_smc_1/bd_0/ip/ip_1/synth/bd_da22_psr_aclk_0.vhd:74]
	Parameter C_FAMILY bound to: kintexuplus - type: string 
	Parameter C_EXT_RST_WIDTH bound to: 4 - type: integer 
	Parameter C_AUX_RST_WIDTH bound to: 1 - type: integer 
	Parameter C_EXT_RESET_HIGH bound to: 1'b0 
	Parameter C_AUX_RESET_HIGH bound to: 1'b0 
	Parameter C_NUM_BUS_RST bound to: 1 - type: integer 
	Parameter C_NUM_PERP_RST bound to: 1 - type: integer 
	Parameter C_NUM_INTERCONNECT_ARESETN bound to: 1 - type: integer 
	Parameter C_NUM_PERP_ARESETN bound to: 1 - type: integer 
INFO: [Synth 8-3491] module 'proc_sys_reset' declared at 'c:/project_4/project_4.gen/sources_1/bd/arm_processor/ipshared/0831/hdl/proc_sys_reset_v5_0_vh_rfs.vhd:1271' bound to instance 'U0' of component 'proc_sys_reset' [c:/project_4/project_4.gen/sources_1/bd/arm_processor/ip/arm_processor_axi_smc_1/bd_0/ip/ip_1/synth/bd_da22_psr_aclk_0.vhd:139]
INFO: [Synth 8-638] synthesizing module 'proc_sys_reset' [c:/project_4/project_4.gen/sources_1/bd/arm_processor/ipshared/0831/hdl/proc_sys_reset_v5_0_vh_rfs.vhd:1330]
	Parameter INIT bound to: 1'b1 
INFO: [Synth 8-113] binding component instance 'FDRE_inst' to cell 'FDRE' [c:/project_4/project_4.gen/sources_1/bd/arm_processor/ipshared/0831/hdl/proc_sys_reset_v5_0_vh_rfs.vhd:1399]
	Parameter INIT bound to: 1'b1 
INFO: [Synth 8-113] binding component instance 'FDRE_BSR' to cell 'FDRE' [c:/project_4/project_4.gen/sources_1/bd/arm_processor/ipshared/0831/hdl/proc_sys_reset_v5_0_vh_rfs.vhd:1415]
	Parameter INIT bound to: 1'b0 
INFO: [Synth 8-113] binding component instance 'FDRE_BSR_N' to cell 'FDRE' [c:/project_4/project_4.gen/sources_1/bd/arm_processor/ipshared/0831/hdl/proc_sys_reset_v5_0_vh_rfs.vhd:1441]
	Parameter INIT bound to: 1'b1 
INFO: [Synth 8-113] binding component instance 'FDRE_PER' to cell 'FDRE' [c:/project_4/project_4.gen/sources_1/bd/arm_processor/ipshared/0831/hdl/proc_sys_reset_v5_0_vh_rfs.vhd:1464]
	Parameter INIT bound to: 1'b0 
INFO: [Synth 8-113] binding component instance 'FDRE_PER_N' to cell 'FDRE' [c:/project_4/project_4.gen/sources_1/bd/arm_processor/ipshared/0831/hdl/proc_sys_reset_v5_0_vh_rfs.vhd:1488]
INFO: [Synth 8-638] synthesizing module 'lpf' [c:/project_4/project_4.gen/sources_1/bd/arm_processor/ipshared/0831/hdl/proc_sys_reset_v5_0_vh_rfs.vhd:821]
INFO: [Synth 8-3491] module 'SRL16' declared at 'C:/Xilinx/Vivado/2024.2/scripts/rt/data/unisim_comp.v:149029' bound to instance 'POR_SRL_I' of component 'SRL16' [c:/project_4/project_4.gen/sources_1/bd/arm_processor/ipshared/0831/hdl/proc_sys_reset_v5_0_vh_rfs.vhd:873]
INFO: [Synth 8-6157] synthesizing module 'SRL16' [C:/Xilinx/Vivado/2024.2/scripts/rt/data/unisim_comp.v:149029]
INFO: [Synth 8-6155] done synthesizing module 'SRL16' (0#1) [C:/Xilinx/Vivado/2024.2/scripts/rt/data/unisim_comp.v:149029]
INFO: [Synth 8-638] synthesizing module 'cdc_sync' [c:/project_4/project_4.gen/sources_1/bd/arm_processor/ipshared/2a4f/hdl/lib_cdc_v1_0_rfs.vhd:106]
	Parameter INIT bound to: 1'b0 
INFO: [Synth 8-113] binding component instance 'CROSS_PLEVEL_IN2SCNDRY_IN_cdc_to' to cell 'FDR' [c:/project_4/project_4.gen/sources_1/bd/arm_processor/ipshared/2a4f/hdl/lib_cdc_v1_0_rfs.vhd:514]
	Parameter INIT bound to: 1'b0 
INFO: [Synth 8-113] binding component instance 'CROSS_PLEVEL_IN2SCNDRY_s_level_out_d2' to cell 'FDR' [c:/project_4/project_4.gen/sources_1/bd/arm_processor/ipshared/2a4f/hdl/lib_cdc_v1_0_rfs.vhd:545]
	Parameter INIT bound to: 1'b0 
INFO: [Synth 8-113] binding component instance 'CROSS_PLEVEL_IN2SCNDRY_s_level_out_d3' to cell 'FDR' [c:/project_4/project_4.gen/sources_1/bd/arm_processor/ipshared/2a4f/hdl/lib_cdc_v1_0_rfs.vhd:554]
	Parameter INIT bound to: 1'b0 
INFO: [Synth 8-113] binding component instance 'CROSS_PLEVEL_IN2SCNDRY_s_level_out_d4' to cell 'FDR' [c:/project_4/project_4.gen/sources_1/bd/arm_processor/ipshared/2a4f/hdl/lib_cdc_v1_0_rfs.vhd:564]
	Parameter INIT bound to: 1'b0 
INFO: [Synth 8-113] binding component instance 'CROSS_PLEVEL_IN2SCNDRY_s_level_out_d5' to cell 'FDR' [c:/project_4/project_4.gen/sources_1/bd/arm_processor/ipshared/2a4f/hdl/lib_cdc_v1_0_rfs.vhd:574]
	Parameter INIT bound to: 1'b0 
INFO: [Synth 8-113] binding component instance 'CROSS_PLEVEL_IN2SCNDRY_s_level_out_d6' to cell 'FDR' [c:/project_4/project_4.gen/sources_1/bd/arm_processor/ipshared/2a4f/hdl/lib_cdc_v1_0_rfs.vhd:584]
INFO: [Synth 8-256] done synthesizing module 'cdc_sync' (0#1) [c:/project_4/project_4.gen/sources_1/bd/arm_processor/ipshared/2a4f/hdl/lib_cdc_v1_0_rfs.vhd:106]
INFO: [Synth 8-256] done synthesizing module 'lpf' (0#1) [c:/project_4/project_4.gen/sources_1/bd/arm_processor/ipshared/0831/hdl/proc_sys_reset_v5_0_vh_rfs.vhd:821]
INFO: [Synth 8-638] synthesizing module 'sequence_psr' [c:/project_4/project_4.gen/sources_1/bd/arm_processor/ipshared/0831/hdl/proc_sys_reset_v5_0_vh_rfs.vhd:304]
INFO: [Synth 8-638] synthesizing module 'upcnt_n' [c:/project_4/project_4.gen/sources_1/bd/arm_processor/ipshared/0831/hdl/proc_sys_reset_v5_0_vh_rfs.vhd:126]
INFO: [Synth 8-256] done synthesizing module 'upcnt_n' (0#1) [c:/project_4/project_4.gen/sources_1/bd/arm_processor/ipshared/0831/hdl/proc_sys_reset_v5_0_vh_rfs.vhd:126]
INFO: [Synth 8-256] done synthesizing module 'sequence_psr' (0#1) [c:/project_4/project_4.gen/sources_1/bd/arm_processor/ipshared/0831/hdl/proc_sys_reset_v5_0_vh_rfs.vhd:304]
INFO: [Synth 8-256] done synthesizing module 'proc_sys_reset' (0#1) [c:/project_4/project_4.gen/sources_1/bd/arm_processor/ipshared/0831/hdl/proc_sys_reset_v5_0_vh_rfs.vhd:1330]
INFO: [Synth 8-256] done synthesizing module 'bd_da22_psr_aclk_0' (0#1) [c:/project_4/project_4.gen/sources_1/bd/arm_processor/ip/arm_processor_axi_smc_1/bd_0/ip/ip_1/synth/bd_da22_psr_aclk_0.vhd:74]
WARNING: [Synth 8-7071] port 'mb_reset' of module 'bd_da22_psr_aclk_0' is unconnected for instance 'psr_aclk' [c:/project_4/project_4.gen/sources_1/bd/arm_processor/ip/arm_processor_axi_smc_1/bd_0/synth/bd_da22.v:831]
WARNING: [Synth 8-7071] port 'bus_struct_reset' of module 'bd_da22_psr_aclk_0' is unconnected for instance 'psr_aclk' [c:/project_4/project_4.gen/sources_1/bd/arm_processor/ip/arm_processor_axi_smc_1/bd_0/synth/bd_da22.v:831]
WARNING: [Synth 8-7071] port 'peripheral_reset' of module 'bd_da22_psr_aclk_0' is unconnected for instance 'psr_aclk' [c:/project_4/project_4.gen/sources_1/bd/arm_processor/ip/arm_processor_axi_smc_1/bd_0/synth/bd_da22.v:831]
WARNING: [Synth 8-7071] port 'peripheral_aresetn' of module 'bd_da22_psr_aclk_0' is unconnected for instance 'psr_aclk' [c:/project_4/project_4.gen/sources_1/bd/arm_processor/ip/arm_processor_axi_smc_1/bd_0/synth/bd_da22.v:831]
WARNING: [Synth 8-7023] instance 'psr_aclk' of module 'bd_da22_psr_aclk_0' has 10 connections declared, but only 6 given [c:/project_4/project_4.gen/sources_1/bd/arm_processor/ip/arm_processor_axi_smc_1/bd_0/synth/bd_da22.v:831]
INFO: [Synth 8-6155] done synthesizing module 'clk_map_imp_1VHZEMG' (0#1) [c:/project_4/project_4.gen/sources_1/bd/arm_processor/ip/arm_processor_axi_smc_1/bd_0/synth/bd_da22.v:793]
WARNING: [Synth 8-7071] port 'M01_ACLK' of module 'clk_map_imp_1VHZEMG' is unconnected for instance 'clk_map' [c:/project_4/project_4.gen/sources_1/bd/arm_processor/ip/arm_processor_axi_smc_1/bd_0/synth/bd_da22.v:355]
WARNING: [Synth 8-7071] port 'M01_ARESETN' of module 'clk_map_imp_1VHZEMG' is unconnected for instance 'clk_map' [c:/project_4/project_4.gen/sources_1/bd/arm_processor/ip/arm_processor_axi_smc_1/bd_0/synth/bd_da22.v:355]
WARNING: [Synth 8-7023] instance 'clk_map' of module 'clk_map_imp_1VHZEMG' has 11 connections declared, but only 9 given [c:/project_4/project_4.gen/sources_1/bd/arm_processor/ip/arm_processor_axi_smc_1/bd_0/synth/bd_da22.v:355]
INFO: [Synth 8-6157] synthesizing module 'm00_exit_pipeline_imp_3B1LHV' [c:/project_4/project_4.gen/sources_1/bd/arm_processor/ip/arm_processor_axi_smc_1/bd_0/synth/bd_da22.v:1082]
INFO: [Synth 8-6157] synthesizing module 'bd_da22_m00e_0' [c:/project_4/project_4.gen/sources_1/bd/arm_processor/ip/arm_processor_axi_smc_1/bd_0/ip/ip_32/synth/bd_da22_m00e_0.sv:53]
INFO: [Synth 8-6157] synthesizing module 'xpm_cdc_async_rst' [C:/Xilinx/Vivado/2024.2/data/ip/xpm/xpm_cdc/hdl/xpm_cdc.sv:1175]
INFO: [Synth 8-6155] done synthesizing module 'xpm_cdc_async_rst' (0#1) [C:/Xilinx/Vivado/2024.2/data/ip/xpm/xpm_cdc/hdl/xpm_cdc.sv:1175]
INFO: [Synth 8-6155] done synthesizing module 'bd_da22_m00e_0' (0#1) [c:/project_4/project_4.gen/sources_1/bd/arm_processor/ip/arm_processor_axi_smc_1/bd_0/ip/ip_32/synth/bd_da22_m00e_0.sv:53]
INFO: [Synth 8-6155] done synthesizing module 'm00_exit_pipeline_imp_3B1LHV' (0#1) [c:/project_4/project_4.gen/sources_1/bd/arm_processor/ip/arm_processor_axi_smc_1/bd_0/synth/bd_da22.v:1082]
INFO: [Synth 8-6157] synthesizing module 'm00_nodes_imp_PHP5XB' [c:/project_4/project_4.gen/sources_1/bd/arm_processor/ip/arm_processor_axi_smc_1/bd_0/synth/bd_da22.v:1324]
INFO: [Synth 8-6157] synthesizing module 'bd_da22_m00arn_0' [c:/project_4/project_4.gen/sources_1/bd/arm_processor/ip/arm_processor_axi_smc_1/bd_0/ip/ip_27/synth/bd_da22_m00arn_0.sv:53]
INFO: [Synth 8-6155] done synthesizing module 'bd_da22_m00arn_0' (0#1) [c:/project_4/project_4.gen/sources_1/bd/arm_processor/ip/arm_processor_axi_smc_1/bd_0/ip/ip_27/synth/bd_da22_m00arn_0.sv:53]
INFO: [Synth 8-6157] synthesizing module 'bd_da22_m00awn_0' [c:/project_4/project_4.gen/sources_1/bd/arm_processor/ip/arm_processor_axi_smc_1/bd_0/ip/ip_29/synth/bd_da22_m00awn_0.sv:53]
INFO: [Synth 8-6155] done synthesizing module 'bd_da22_m00awn_0' (0#1) [c:/project_4/project_4.gen/sources_1/bd/arm_processor/ip/arm_processor_axi_smc_1/bd_0/ip/ip_29/synth/bd_da22_m00awn_0.sv:53]
INFO: [Synth 8-6157] synthesizing module 'bd_da22_m00bn_0' [c:/project_4/project_4.gen/sources_1/bd/arm_processor/ip/arm_processor_axi_smc_1/bd_0/ip/ip_31/synth/bd_da22_m00bn_0.sv:53]
INFO: [Synth 8-6155] done synthesizing module 'bd_da22_m00bn_0' (0#1) [c:/project_4/project_4.gen/sources_1/bd/arm_processor/ip/arm_processor_axi_smc_1/bd_0/ip/ip_31/synth/bd_da22_m00bn_0.sv:53]
INFO: [Synth 8-6157] synthesizing module 'bd_da22_m00rn_0' [c:/project_4/project_4.gen/sources_1/bd/arm_processor/ip/arm_processor_axi_smc_1/bd_0/ip/ip_28/synth/bd_da22_m00rn_0.sv:53]
INFO: [Synth 8-6155] done synthesizing module 'bd_da22_m00rn_0' (0#1) [c:/project_4/project_4.gen/sources_1/bd/arm_processor/ip/arm_processor_axi_smc_1/bd_0/ip/ip_28/synth/bd_da22_m00rn_0.sv:53]
INFO: [Synth 8-6157] synthesizing module 'bd_da22_m00wn_0' [c:/project_4/project_4.gen/sources_1/bd/arm_processor/ip/arm_processor_axi_smc_1/bd_0/ip/ip_30/synth/bd_da22_m00wn_0.sv:53]
INFO: [Synth 8-6155] done synthesizing module 'bd_da22_m00wn_0' (0#1) [c:/project_4/project_4.gen/sources_1/bd/arm_processor/ip/arm_processor_axi_smc_1/bd_0/ip/ip_30/synth/bd_da22_m00wn_0.sv:53]
INFO: [Synth 8-6155] done synthesizing module 'm00_nodes_imp_PHP5XB' (0#1) [c:/project_4/project_4.gen/sources_1/bd/arm_processor/ip/arm_processor_axi_smc_1/bd_0/synth/bd_da22.v:1324]
INFO: [Synth 8-6157] synthesizing module 'bd_da22_m00s2a_0' [c:/project_4/project_4.gen/sources_1/bd/arm_processor/ip/arm_processor_axi_smc_1/bd_0/ip/ip_26/synth/bd_da22_m00s2a_0.sv:53]
INFO: [Synth 8-6155] done synthesizing module 'bd_da22_m00s2a_0' (0#1) [c:/project_4/project_4.gen/sources_1/bd/arm_processor/ip/arm_processor_axi_smc_1/bd_0/ip/ip_26/synth/bd_da22_m00s2a_0.sv:53]
INFO: [Synth 8-6157] synthesizing module 'bd_da22_s00a2s_0' [c:/project_4/project_4.gen/sources_1/bd/arm_processor/ip/arm_processor_axi_smc_1/bd_0/ip/ip_20/synth/bd_da22_s00a2s_0.sv:53]
INFO: [Synth 8-6155] done synthesizing module 'bd_da22_s00a2s_0' (0#1) [c:/project_4/project_4.gen/sources_1/bd/arm_processor/ip/arm_processor_axi_smc_1/bd_0/ip/ip_20/synth/bd_da22_s00a2s_0.sv:53]
INFO: [Synth 8-6157] synthesizing module 's00_entry_pipeline_imp_11Y2TXS' [c:/project_4/project_4.gen/sources_1/bd/arm_processor/ip/arm_processor_axi_smc_1/bd_0/synth/bd_da22.v:1566]
INFO: [Synth 8-6157] synthesizing module 'bd_da22_s00mmu_0' [c:/project_4/project_4.gen/sources_1/bd/arm_processor/ip/arm_processor_axi_smc_1/bd_0/ip/ip_17/synth/bd_da22_s00mmu_0.sv:53]
INFO: [Synth 8-6155] done synthesizing module 'bd_da22_s00mmu_0' (0#1) [c:/project_4/project_4.gen/sources_1/bd/arm_processor/ip/arm_processor_axi_smc_1/bd_0/ip/ip_17/synth/bd_da22_s00mmu_0.sv:53]
INFO: [Synth 8-6157] synthesizing module 'bd_da22_s00sic_0' [c:/project_4/project_4.gen/sources_1/bd/arm_processor/ip/arm_processor_axi_smc_1/bd_0/ip/ip_19/synth/bd_da22_s00sic_0.sv:53]
INFO: [Synth 8-6155] done synthesizing module 'bd_da22_s00sic_0' (0#1) [c:/project_4/project_4.gen/sources_1/bd/arm_processor/ip/arm_processor_axi_smc_1/bd_0/ip/ip_19/synth/bd_da22_s00sic_0.sv:53]
INFO: [Synth 8-6157] synthesizing module 'bd_da22_s00tr_0' [c:/project_4/project_4.gen/sources_1/bd/arm_processor/ip/arm_processor_axi_smc_1/bd_0/ip/ip_18/synth/bd_da22_s00tr_0.sv:53]
INFO: [Synth 8-6155] done synthesizing module 'bd_da22_s00tr_0' (0#1) [c:/project_4/project_4.gen/sources_1/bd/arm_processor/ip/arm_processor_axi_smc_1/bd_0/ip/ip_18/synth/bd_da22_s00tr_0.sv:53]
WARNING: [Synth 8-7071] port 'm_axi_awburst' of module 'bd_da22_s00tr_0' is unconnected for instance 's00_transaction_regulator' [c:/project_4/project_4.gen/sources_1/bd/arm_processor/ip/arm_processor_axi_smc_1/bd_0/synth/bd_da22.v:1965]
WARNING: [Synth 8-7071] port 'm_axi_arburst' of module 'bd_da22_s00tr_0' is unconnected for instance 's00_transaction_regulator' [c:/project_4/project_4.gen/sources_1/bd/arm_processor/ip/arm_processor_axi_smc_1/bd_0/synth/bd_da22.v:1965]
WARNING: [Synth 8-7023] instance 's00_transaction_regulator' of module 'bd_da22_s00tr_0' has 82 connections declared, but only 80 given [c:/project_4/project_4.gen/sources_1/bd/arm_processor/ip/arm_processor_axi_smc_1/bd_0/synth/bd_da22.v:1965]
INFO: [Synth 8-6155] done synthesizing module 's00_entry_pipeline_imp_11Y2TXS' (0#1) [c:/project_4/project_4.gen/sources_1/bd/arm_processor/ip/arm_processor_axi_smc_1/bd_0/synth/bd_da22.v:1566]
INFO: [Synth 8-6157] synthesizing module 's00_nodes_imp_17P03KA' [c:/project_4/project_4.gen/sources_1/bd/arm_processor/ip/arm_processor_axi_smc_1/bd_0/synth/bd_da22.v:2048]
INFO: [Synth 8-6157] synthesizing module 'bd_da22_sarn_0' [c:/project_4/project_4.gen/sources_1/bd/arm_processor/ip/arm_processor_axi_smc_1/bd_0/ip/ip_21/synth/bd_da22_sarn_0.sv:53]
INFO: [Synth 8-6155] done synthesizing module 'bd_da22_sarn_0' (0#1) [c:/project_4/project_4.gen/sources_1/bd/arm_processor/ip/arm_processor_axi_smc_1/bd_0/ip/ip_21/synth/bd_da22_sarn_0.sv:53]
INFO: [Synth 8-6157] synthesizing module 'bd_da22_sawn_0' [c:/project_4/project_4.gen/sources_1/bd/arm_processor/ip/arm_processor_axi_smc_1/bd_0/ip/ip_23/synth/bd_da22_sawn_0.sv:53]
INFO: [Synth 8-6155] done synthesizing module 'bd_da22_sawn_0' (0#1) [c:/project_4/project_4.gen/sources_1/bd/arm_processor/ip/arm_processor_axi_smc_1/bd_0/ip/ip_23/synth/bd_da22_sawn_0.sv:53]
INFO: [Synth 8-6157] synthesizing module 'bd_da22_sbn_0' [c:/project_4/project_4.gen/sources_1/bd/arm_processor/ip/arm_processor_axi_smc_1/bd_0/ip/ip_25/synth/bd_da22_sbn_0.sv:53]
INFO: [Synth 8-6155] done synthesizing module 'bd_da22_sbn_0' (0#1) [c:/project_4/project_4.gen/sources_1/bd/arm_processor/ip/arm_processor_axi_smc_1/bd_0/ip/ip_25/synth/bd_da22_sbn_0.sv:53]
INFO: [Synth 8-6157] synthesizing module 'bd_da22_srn_0' [c:/project_4/project_4.gen/sources_1/bd/arm_processor/ip/arm_processor_axi_smc_1/bd_0/ip/ip_22/synth/bd_da22_srn_0.sv:53]
INFO: [Synth 8-6155] done synthesizing module 'bd_da22_srn_0' (0#1) [c:/project_4/project_4.gen/sources_1/bd/arm_processor/ip/arm_processor_axi_smc_1/bd_0/ip/ip_22/synth/bd_da22_srn_0.sv:53]
INFO: [Synth 8-6157] synthesizing module 'bd_da22_swn_0' [c:/project_4/project_4.gen/sources_1/bd/arm_processor/ip/arm_processor_axi_smc_1/bd_0/ip/ip_24/synth/bd_da22_swn_0.sv:53]
INFO: [Synth 8-6155] done synthesizing module 'bd_da22_swn_0' (0#1) [c:/project_4/project_4.gen/sources_1/bd/arm_processor/ip/arm_processor_axi_smc_1/bd_0/ip/ip_24/synth/bd_da22_swn_0.sv:53]
INFO: [Synth 8-6155] done synthesizing module 's00_nodes_imp_17P03KA' (0#1) [c:/project_4/project_4.gen/sources_1/bd/arm_processor/ip/arm_processor_axi_smc_1/bd_0/synth/bd_da22.v:2048]
INFO: [Synth 8-6157] synthesizing module 'switchboards_imp_1WERDB2' [c:/project_4/project_4.gen/sources_1/bd/arm_processor/ip/arm_processor_axi_smc_1/bd_0/synth/bd_da22.v:2290]
INFO: [Synth 8-6157] synthesizing module 'bd_da22_arinsw_0' [c:/project_4/project_4.gen/sources_1/bd/arm_processor/ip/arm_processor_axi_smc_1/bd_0/ip/ip_2/synth/bd_da22_arinsw_0.sv:53]
INFO: [Synth 8-6155] done synthesizing module 'bd_da22_arinsw_0' (0#1) [c:/project_4/project_4.gen/sources_1/bd/arm_processor/ip/arm_processor_axi_smc_1/bd_0/ip/ip_2/synth/bd_da22_arinsw_0.sv:53]
INFO: [Synth 8-6157] synthesizing module 'bd_da22_aroutsw_0' [c:/project_4/project_4.gen/sources_1/bd/arm_processor/ip/arm_processor_axi_smc_1/bd_0/ip/ip_7/synth/bd_da22_aroutsw_0.sv:53]
INFO: [Synth 8-6155] done synthesizing module 'bd_da22_aroutsw_0' (0#1) [c:/project_4/project_4.gen/sources_1/bd/arm_processor/ip/arm_processor_axi_smc_1/bd_0/ip/ip_7/synth/bd_da22_aroutsw_0.sv:53]
INFO: [Synth 8-6157] synthesizing module 'bd_da22_awinsw_0' [c:/project_4/project_4.gen/sources_1/bd/arm_processor/ip/arm_processor_axi_smc_1/bd_0/ip/ip_4/synth/bd_da22_awinsw_0.sv:53]
INFO: [Synth 8-6155] done synthesizing module 'bd_da22_awinsw_0' (0#1) [c:/project_4/project_4.gen/sources_1/bd/arm_processor/ip/arm_processor_axi_smc_1/bd_0/ip/ip_4/synth/bd_da22_awinsw_0.sv:53]
INFO: [Synth 8-6157] synthesizing module 'bd_da22_awoutsw_0' [c:/project_4/project_4.gen/sources_1/bd/arm_processor/ip/arm_processor_axi_smc_1/bd_0/ip/ip_9/synth/bd_da22_awoutsw_0.sv:53]
INFO: [Synth 8-6155] done synthesizing module 'bd_da22_awoutsw_0' (0#1) [c:/project_4/project_4.gen/sources_1/bd/arm_processor/ip/arm_processor_axi_smc_1/bd_0/ip/ip_9/synth/bd_da22_awoutsw_0.sv:53]
INFO: [Synth 8-6157] synthesizing module 'bd_da22_binsw_0' [c:/project_4/project_4.gen/sources_1/bd/arm_processor/ip/arm_processor_axi_smc_1/bd_0/ip/ip_6/synth/bd_da22_binsw_0.sv:53]
INFO: [Synth 8-6155] done synthesizing module 'bd_da22_binsw_0' (0#1) [c:/project_4/project_4.gen/sources_1/bd/arm_processor/ip/arm_processor_axi_smc_1/bd_0/ip/ip_6/synth/bd_da22_binsw_0.sv:53]
INFO: [Synth 8-6157] synthesizing module 'bd_da22_boutsw_0' [c:/project_4/project_4.gen/sources_1/bd/arm_processor/ip/arm_processor_axi_smc_1/bd_0/ip/ip_11/synth/bd_da22_boutsw_0.sv:53]
INFO: [Synth 8-6155] done synthesizing module 'bd_da22_boutsw_0' (0#1) [c:/project_4/project_4.gen/sources_1/bd/arm_processor/ip/arm_processor_axi_smc_1/bd_0/ip/ip_11/synth/bd_da22_boutsw_0.sv:53]
INFO: [Synth 8-6157] synthesizing module 'i_nodes_imp_E24JZA' [c:/project_4/project_4.gen/sources_1/bd/arm_processor/ip/arm_processor_axi_smc_1/bd_0/synth/bd_da22.v:840]
INFO: [Synth 8-6157] synthesizing module 'bd_da22_arni_0' [c:/project_4/project_4.gen/sources_1/bd/arm_processor/ip/arm_processor_axi_smc_1/bd_0/ip/ip_12/synth/bd_da22_arni_0.sv:53]
INFO: [Synth 8-6155] done synthesizing module 'bd_da22_arni_0' (0#1) [c:/project_4/project_4.gen/sources_1/bd/arm_processor/ip/arm_processor_axi_smc_1/bd_0/ip/ip_12/synth/bd_da22_arni_0.sv:53]
INFO: [Synth 8-6157] synthesizing module 'bd_da22_awni_0' [c:/project_4/project_4.gen/sources_1/bd/arm_processor/ip/arm_processor_axi_smc_1/bd_0/ip/ip_14/synth/bd_da22_awni_0.sv:53]
INFO: [Synth 8-6155] done synthesizing module 'bd_da22_awni_0' (0#1) [c:/project_4/project_4.gen/sources_1/bd/arm_processor/ip/arm_processor_axi_smc_1/bd_0/ip/ip_14/synth/bd_da22_awni_0.sv:53]
INFO: [Synth 8-6157] synthesizing module 'bd_da22_bni_0' [c:/project_4/project_4.gen/sources_1/bd/arm_processor/ip/arm_processor_axi_smc_1/bd_0/ip/ip_16/synth/bd_da22_bni_0.sv:53]
INFO: [Synth 8-6155] done synthesizing module 'bd_da22_bni_0' (0#1) [c:/project_4/project_4.gen/sources_1/bd/arm_processor/ip/arm_processor_axi_smc_1/bd_0/ip/ip_16/synth/bd_da22_bni_0.sv:53]
INFO: [Synth 8-6157] synthesizing module 'bd_da22_rni_0' [c:/project_4/project_4.gen/sources_1/bd/arm_processor/ip/arm_processor_axi_smc_1/bd_0/ip/ip_13/synth/bd_da22_rni_0.sv:53]
INFO: [Synth 8-6155] done synthesizing module 'bd_da22_rni_0' (0#1) [c:/project_4/project_4.gen/sources_1/bd/arm_processor/ip/arm_processor_axi_smc_1/bd_0/ip/ip_13/synth/bd_da22_rni_0.sv:53]
INFO: [Synth 8-6157] synthesizing module 'bd_da22_wni_0' [c:/project_4/project_4.gen/sources_1/bd/arm_processor/ip/arm_processor_axi_smc_1/bd_0/ip/ip_15/synth/bd_da22_wni_0.sv:53]
INFO: [Synth 8-6155] done synthesizing module 'bd_da22_wni_0' (0#1) [c:/project_4/project_4.gen/sources_1/bd/arm_processor/ip/arm_processor_axi_smc_1/bd_0/ip/ip_15/synth/bd_da22_wni_0.sv:53]
INFO: [Synth 8-6155] done synthesizing module 'i_nodes_imp_E24JZA' (0#1) [c:/project_4/project_4.gen/sources_1/bd/arm_processor/ip/arm_processor_axi_smc_1/bd_0/synth/bd_da22.v:840]
INFO: [Synth 8-6157] synthesizing module 'bd_da22_rinsw_0' [c:/project_4/project_4.gen/sources_1/bd/arm_processor/ip/arm_processor_axi_smc_1/bd_0/ip/ip_3/synth/bd_da22_rinsw_0.sv:53]
INFO: [Synth 8-6155] done synthesizing module 'bd_da22_rinsw_0' (0#1) [c:/project_4/project_4.gen/sources_1/bd/arm_processor/ip/arm_processor_axi_smc_1/bd_0/ip/ip_3/synth/bd_da22_rinsw_0.sv:53]
INFO: [Synth 8-6157] synthesizing module 'bd_da22_routsw_0' [c:/project_4/project_4.gen/sources_1/bd/arm_processor/ip/arm_processor_axi_smc_1/bd_0/ip/ip_8/synth/bd_da22_routsw_0.sv:53]
INFO: [Synth 8-6155] done synthesizing module 'bd_da22_routsw_0' (0#1) [c:/project_4/project_4.gen/sources_1/bd/arm_processor/ip/arm_processor_axi_smc_1/bd_0/ip/ip_8/synth/bd_da22_routsw_0.sv:53]
INFO: [Synth 8-6157] synthesizing module 'bd_da22_winsw_0' [c:/project_4/project_4.gen/sources_1/bd/arm_processor/ip/arm_processor_axi_smc_1/bd_0/ip/ip_5/synth/bd_da22_winsw_0.sv:53]
INFO: [Synth 8-6155] done synthesizing module 'bd_da22_winsw_0' (0#1) [c:/project_4/project_4.gen/sources_1/bd/arm_processor/ip/arm_processor_axi_smc_1/bd_0/ip/ip_5/synth/bd_da22_winsw_0.sv:53]
INFO: [Synth 8-6157] synthesizing module 'bd_da22_woutsw_0' [c:/project_4/project_4.gen/sources_1/bd/arm_processor/ip/arm_processor_axi_smc_1/bd_0/ip/ip_10/synth/bd_da22_woutsw_0.sv:53]
INFO: [Synth 8-6155] done synthesizing module 'bd_da22_woutsw_0' (0#1) [c:/project_4/project_4.gen/sources_1/bd/arm_processor/ip/arm_processor_axi_smc_1/bd_0/ip/ip_10/synth/bd_da22_woutsw_0.sv:53]
INFO: [Synth 8-6155] done synthesizing module 'switchboards_imp_1WERDB2' (0#1) [c:/project_4/project_4.gen/sources_1/bd/arm_processor/ip/arm_processor_axi_smc_1/bd_0/synth/bd_da22.v:2290]
WARNING: [Synth 8-7071] port 'M01_SC_AR_info' of module 'switchboards_imp_1WERDB2' is unconnected for instance 'switchboards' [c:/project_4/project_4.gen/sources_1/bd/arm_processor/ip/arm_processor_axi_smc_1/bd_0/synth/bd_da22.v:725]
WARNING: [Synth 8-7071] port 'M01_SC_AR_payld' of module 'switchboards_imp_1WERDB2' is unconnected for instance 'switchboards' [c:/project_4/project_4.gen/sources_1/bd/arm_processor/ip/arm_processor_axi_smc_1/bd_0/synth/bd_da22.v:725]
WARNING: [Synth 8-7071] port 'M01_SC_AR_req' of module 'switchboards_imp_1WERDB2' is unconnected for instance 'switchboards' [c:/project_4/project_4.gen/sources_1/bd/arm_processor/ip/arm_processor_axi_smc_1/bd_0/synth/bd_da22.v:725]
WARNING: [Synth 8-7071] port 'M01_SC_AR_send' of module 'switchboards_imp_1WERDB2' is unconnected for instance 'switchboards' [c:/project_4/project_4.gen/sources_1/bd/arm_processor/ip/arm_processor_axi_smc_1/bd_0/synth/bd_da22.v:725]
WARNING: [Synth 8-7071] port 'M01_SC_AW_info' of module 'switchboards_imp_1WERDB2' is unconnected for instance 'switchboards' [c:/project_4/project_4.gen/sources_1/bd/arm_processor/ip/arm_processor_axi_smc_1/bd_0/synth/bd_da22.v:725]
WARNING: [Synth 8-7071] port 'M01_SC_AW_payld' of module 'switchboards_imp_1WERDB2' is unconnected for instance 'switchboards' [c:/project_4/project_4.gen/sources_1/bd/arm_processor/ip/arm_processor_axi_smc_1/bd_0/synth/bd_da22.v:725]
WARNING: [Synth 8-7071] port 'M01_SC_AW_req' of module 'switchboards_imp_1WERDB2' is unconnected for instance 'switchboards' [c:/project_4/project_4.gen/sources_1/bd/arm_processor/ip/arm_processor_axi_smc_1/bd_0/synth/bd_da22.v:725]
WARNING: [Synth 8-7071] port 'M01_SC_AW_send' of module 'switchboards_imp_1WERDB2' is unconnected for instance 'switchboards' [c:/project_4/project_4.gen/sources_1/bd/arm_processor/ip/arm_processor_axi_smc_1/bd_0/synth/bd_da22.v:725]
WARNING: [Synth 8-7071] port 'M01_SC_W_info' of module 'switchboards_imp_1WERDB2' is unconnected for instance 'switchboards' [c:/project_4/project_4.gen/sources_1/bd/arm_processor/ip/arm_processor_axi_smc_1/bd_0/synth/bd_da22.v:725]
WARNING: [Synth 8-7071] port 'M01_SC_W_payld' of module 'switchboards_imp_1WERDB2' is unconnected for instance 'switchboards' [c:/project_4/project_4.gen/sources_1/bd/arm_processor/ip/arm_processor_axi_smc_1/bd_0/synth/bd_da22.v:725]
WARNING: [Synth 8-7071] port 'M01_SC_W_req' of module 'switchboards_imp_1WERDB2' is unconnected for instance 'switchboards' [c:/project_4/project_4.gen/sources_1/bd/arm_processor/ip/arm_processor_axi_smc_1/bd_0/synth/bd_da22.v:725]
WARNING: [Synth 8-7071] port 'M01_SC_W_send' of module 'switchboards_imp_1WERDB2' is unconnected for instance 'switchboards' [c:/project_4/project_4.gen/sources_1/bd/arm_processor/ip/arm_processor_axi_smc_1/bd_0/synth/bd_da22.v:725]
WARNING: [Synth 8-7071] port 'S01_SC_B_recv' of module 'switchboards_imp_1WERDB2' is unconnected for instance 'switchboards' [c:/project_4/project_4.gen/sources_1/bd/arm_processor/ip/arm_processor_axi_smc_1/bd_0/synth/bd_da22.v:725]
WARNING: [Synth 8-7071] port 'S01_SC_R_recv' of module 'switchboards_imp_1WERDB2' is unconnected for instance 'switchboards' [c:/project_4/project_4.gen/sources_1/bd/arm_processor/ip/arm_processor_axi_smc_1/bd_0/synth/bd_da22.v:725]
WARNING: [Synth 8-7023] instance 'switchboards' of module 'switchboards_imp_1WERDB2' has 79 connections declared, but only 65 given [c:/project_4/project_4.gen/sources_1/bd/arm_processor/ip/arm_processor_axi_smc_1/bd_0/synth/bd_da22.v:725]
INFO: [Synth 8-6155] done synthesizing module 'bd_da22' (0#1) [c:/project_4/project_4.gen/sources_1/bd/arm_processor/ip/arm_processor_axi_smc_1/bd_0/synth/bd_da22.v:10]
INFO: [Synth 8-6155] done synthesizing module 'arm_processor_axi_smc_1' (0#1) [c:/project_4/project_4.gen/sources_1/bd/arm_processor/ip/arm_processor_axi_smc_1/synth/arm_processor_axi_smc_1.v:53]
WARNING: [Synth 8-3848] Net aresetn_out in module/entity clk_map_imp_1VHZEMG does not have driver. [c:/project_4/project_4.gen/sources_1/bd/arm_processor/ip/arm_processor_axi_smc_1/bd_0/synth/bd_da22.v:813]
WARNING: [Synth 8-3848] Net M01_AXI_araddr in module/entity bd_da22 does not have driver. [c:/project_4/project_4.gen/sources_1/bd/arm_processor/ip/arm_processor_axi_smc_1/bd_0/synth/bd_da22.v:90]
WARNING: [Synth 8-3848] Net M01_AXI_arprot in module/entity bd_da22 does not have driver. [c:/project_4/project_4.gen/sources_1/bd/arm_processor/ip/arm_processor_axi_smc_1/bd_0/synth/bd_da22.v:91]
WARNING: [Synth 8-3848] Net M01_AXI_arvalid in module/entity bd_da22 does not have driver. [c:/project_4/project_4.gen/sources_1/bd/arm_processor/ip/arm_processor_axi_smc_1/bd_0/synth/bd_da22.v:93]
WARNING: [Synth 8-3848] Net M01_AXI_awaddr in module/entity bd_da22 does not have driver. [c:/project_4/project_4.gen/sources_1/bd/arm_processor/ip/arm_processor_axi_smc_1/bd_0/synth/bd_da22.v:94]
WARNING: [Synth 8-3848] Net M01_AXI_awprot in module/entity bd_da22 does not have driver. [c:/project_4/project_4.gen/sources_1/bd/arm_processor/ip/arm_processor_axi_smc_1/bd_0/synth/bd_da22.v:95]
WARNING: [Synth 8-3848] Net M01_AXI_awvalid in module/entity bd_da22 does not have driver. [c:/project_4/project_4.gen/sources_1/bd/arm_processor/ip/arm_processor_axi_smc_1/bd_0/synth/bd_da22.v:97]
WARNING: [Synth 8-3848] Net M01_AXI_bready in module/entity bd_da22 does not have driver. [c:/project_4/project_4.gen/sources_1/bd/arm_processor/ip/arm_processor_axi_smc_1/bd_0/synth/bd_da22.v:98]
WARNING: [Synth 8-3848] Net M01_AXI_rready in module/entity bd_da22 does not have driver. [c:/project_4/project_4.gen/sources_1/bd/arm_processor/ip/arm_processor_axi_smc_1/bd_0/synth/bd_da22.v:102]
WARNING: [Synth 8-3848] Net M01_AXI_wdata in module/entity bd_da22 does not have driver. [c:/project_4/project_4.gen/sources_1/bd/arm_processor/ip/arm_processor_axi_smc_1/bd_0/synth/bd_da22.v:105]
WARNING: [Synth 8-3848] Net M01_AXI_wstrb in module/entity bd_da22 does not have driver. [c:/project_4/project_4.gen/sources_1/bd/arm_processor/ip/arm_processor_axi_smc_1/bd_0/synth/bd_da22.v:107]
WARNING: [Synth 8-3848] Net M01_AXI_wvalid in module/entity bd_da22 does not have driver. [c:/project_4/project_4.gen/sources_1/bd/arm_processor/ip/arm_processor_axi_smc_1/bd_0/synth/bd_da22.v:108]
WARNING: [Synth 8-7129] Port aclk in module sc_util_v1_0_4_pipeline__parameterized4 is either unconnected or has no load
WARNING: [Synth 8-7129] Port aclken in module sc_util_v1_0_4_pipeline__parameterized4 is either unconnected or has no load
WARNING: [Synth 8-7129] Port areset in module sc_util_v1_0_4_pipeline__parameterized4 is either unconnected or has no load
WARNING: [Synth 8-7129] Port aclk in module sc_util_v1_0_4_pipeline__parameterized0 is either unconnected or has no load
WARNING: [Synth 8-7129] Port aclken in module sc_util_v1_0_4_pipeline__parameterized0 is either unconnected or has no load
WARNING: [Synth 8-7129] Port areset in module sc_util_v1_0_4_pipeline__parameterized0 is either unconnected or has no load
WARNING: [Synth 8-7129] Port din[0] in module sc_util_v1_0_4_onehot_to_binary__parameterized0 is either unconnected or has no load
WARNING: [Synth 8-7129] Port connectivity[1] in module sc_switchboard_v1_0_8_top__parameterized6 is either unconnected or has no load
WARNING: [Synth 8-7129] Port connectivity[0] in module sc_switchboard_v1_0_8_top__parameterized6 is either unconnected or has no load
WARNING: [Synth 8-7129] Port connectivity[0] in module sc_switchboard_v1_0_8_top__parameterized5 is either unconnected or has no load
WARNING: [Synth 8-7129] Port aclk in module sc_util_v1_0_4_pipeline__parameterized3 is either unconnected or has no load
WARNING: [Synth 8-7129] Port aclken in module sc_util_v1_0_4_pipeline__parameterized3 is either unconnected or has no load
WARNING: [Synth 8-7129] Port areset in module sc_util_v1_0_4_pipeline__parameterized3 is either unconnected or has no load
WARNING: [Synth 8-7129] Port din[0] in module sc_util_v1_0_4_onehot_to_binary__parameterized1 is either unconnected or has no load
WARNING: [Synth 8-7129] Port connectivity[1] in module sc_switchboard_v1_0_8_top__parameterized4 is either unconnected or has no load
WARNING: [Synth 8-7129] Port connectivity[0] in module sc_switchboard_v1_0_8_top__parameterized4 is either unconnected or has no load
WARNING: [Synth 8-7129] Port connectivity[0] in module sc_switchboard_v1_0_8_top__parameterized3 is either unconnected or has no load
WARNING: [Synth 8-7129] Port din[0] in module sc_util_v1_0_4_onehot_to_binary is either unconnected or has no load
WARNING: [Synth 8-7129] Port slow_clk in module sc_util_v1_0_4_sample_cycle_ratio is either unconnected or has no load
WARNING: [Synth 8-7129] Port fast_clk in module sc_util_v1_0_4_sample_cycle_ratio is either unconnected or has no load
WARNING: [Synth 8-7129] Port aclk in module sc_util_v1_0_4_pipeline__parameterized10 is either unconnected or has no load
WARNING: [Synth 8-7129] Port aclken in module sc_util_v1_0_4_pipeline__parameterized10 is either unconnected or has no load
WARNING: [Synth 8-7129] Port areset in module sc_util_v1_0_4_pipeline__parameterized10 is either unconnected or has no load
WARNING: [Synth 8-7129] Port aclk in module sc_node_v1_0_17_reg_slice3 is either unconnected or has no load
WARNING: [Synth 8-7129] Port aclken in module sc_node_v1_0_17_reg_slice3 is either unconnected or has no load
WARNING: [Synth 8-7129] Port areset in module sc_node_v1_0_17_reg_slice3 is either unconnected or has no load
WARNING: [Synth 8-7129] Port aclk in module sc_node_v1_0_17_si_handler__parameterized8 is either unconnected or has no load
WARNING: [Synth 8-7129] Port aclken in module sc_node_v1_0_17_si_handler__parameterized8 is either unconnected or has no load
WARNING: [Synth 8-7129] Port areset in module sc_node_v1_0_17_si_handler__parameterized8 is either unconnected or has no load
WARNING: [Synth 8-7129] Port s_sc_req[0] in module sc_node_v1_0_17_si_handler__parameterized8 is either unconnected or has no load
WARNING: [Synth 8-7129] Port s_sc_info[0] in module sc_node_v1_0_17_si_handler__parameterized8 is either unconnected or has no load
WARNING: [Synth 8-7129] Port s_axis_arb_tvalid in module sc_node_v1_0_17_si_handler__parameterized8 is either unconnected or has no load
WARNING: [Synth 8-7129] Port s_axis_arb_tdata[15] in module sc_node_v1_0_17_si_handler__parameterized8 is either unconnected or has no load
WARNING: [Synth 8-7129] Port s_axis_arb_tdata[14] in module sc_node_v1_0_17_si_handler__parameterized8 is either unconnected or has no load
WARNING: [Synth 8-7129] Port s_axis_arb_tdata[13] in module sc_node_v1_0_17_si_handler__parameterized8 is either unconnected or has no load
WARNING: [Synth 8-7129] Port s_axis_arb_tdata[12] in module sc_node_v1_0_17_si_handler__parameterized8 is either unconnected or has no load
WARNING: [Synth 8-7129] Port s_axis_arb_tdata[11] in module sc_node_v1_0_17_si_handler__parameterized8 is either unconnected or has no load
WARNING: [Synth 8-7129] Port s_axis_arb_tdata[10] in module sc_node_v1_0_17_si_handler__parameterized8 is either unconnected or has no load
WARNING: [Synth 8-7129] Port s_axis_arb_tdata[9] in module sc_node_v1_0_17_si_handler__parameterized8 is either unconnected or has no load
WARNING: [Synth 8-7129] Port s_axis_arb_tdata[8] in module sc_node_v1_0_17_si_handler__parameterized8 is either unconnected or has no load
WARNING: [Synth 8-7129] Port s_axis_arb_tdata[7] in module sc_node_v1_0_17_si_handler__parameterized8 is either unconnected or has no load
WARNING: [Synth 8-7129] Port s_axis_arb_tdata[6] in module sc_node_v1_0_17_si_handler__parameterized8 is either unconnected or has no load
WARNING: [Synth 8-7129] Port s_axis_arb_tdata[5] in module sc_node_v1_0_17_si_handler__parameterized8 is either unconnected or has no load
WARNING: [Synth 8-7129] Port s_axis_arb_tdata[4] in module sc_node_v1_0_17_si_handler__parameterized8 is either unconnected or has no load
WARNING: [Synth 8-7129] Port s_axis_arb_tdata[3] in module sc_node_v1_0_17_si_handler__parameterized8 is either unconnected or has no load
WARNING: [Synth 8-7129] Port s_axis_arb_tdata[2] in module sc_node_v1_0_17_si_handler__parameterized8 is either unconnected or has no load
WARNING: [Synth 8-7129] Port s_axis_arb_tdata[1] in module sc_node_v1_0_17_si_handler__parameterized8 is either unconnected or has no load
WARNING: [Synth 8-7129] Port s_axis_arb_tdata[0] in module sc_node_v1_0_17_si_handler__parameterized8 is either unconnected or has no load
WARNING: [Synth 8-7129] Port m_axis_arb_tready in module sc_node_v1_0_17_si_handler__parameterized8 is either unconnected or has no load
WARNING: [Synth 8-7129] Port aclk in module sc_util_v1_0_4_axic_register_slice is either unconnected or has no load
WARNING: [Synth 8-7129] Port areset in module sc_util_v1_0_4_axic_register_slice is either unconnected or has no load
WARNING: [Synth 8-7129] Port aclken in module sc_util_v1_0_4_axic_register_slice is either unconnected or has no load
WARNING: [Synth 8-7129] Port m_sc_aclken in module sc_node_v1_0_17_top__parameterized13 is either unconnected or has no load
WARNING: [Synth 8-7129] Port din[0] in module sc_util_v1_0_4_onehot_to_binary__parameterized2 is either unconnected or has no load
WARNING: [Synth 8-7129] Port aclk in module sc_util_v1_0_4_pipeline__parameterized7 is either unconnected or has no load
WARNING: [Synth 8-7129] Port aclken in module sc_util_v1_0_4_pipeline__parameterized7 is either unconnected or has no load
WARNING: [Synth 8-7129] Port areset in module sc_util_v1_0_4_pipeline__parameterized7 is either unconnected or has no load
WARNING: [Synth 8-7129] Port aclk in module sc_util_v1_0_4_pipeline__parameterized9 is either unconnected or has no load
WARNING: [Synth 8-7129] Port aclken in module sc_util_v1_0_4_pipeline__parameterized9 is either unconnected or has no load
WARNING: [Synth 8-7129] Port areset in module sc_util_v1_0_4_pipeline__parameterized9 is either unconnected or has no load
WARNING: [Synth 8-7129] Port aclk in module sc_node_v1_0_17_reg_slice3__parameterized0 is either unconnected or has no load
WARNING: [Synth 8-7129] Port aclken in module sc_node_v1_0_17_reg_slice3__parameterized0 is either unconnected or has no load
WARNING: [Synth 8-7129] Port areset in module sc_node_v1_0_17_reg_slice3__parameterized0 is either unconnected or has no load
WARNING: [Synth 8-7129] Port areset in module sc_node_v1_0_17_fi_regulator is either unconnected or has no load
WARNING: [Synth 8-7129] Port s_sc_info[1] in module sc_node_v1_0_17_si_handler__parameterized7 is either unconnected or has no load
WARNING: [Synth 8-7129] Port s_sc_info[0] in module sc_node_v1_0_17_si_handler__parameterized7 is either unconnected or has no load
WARNING: [Synth 8-7129] Port s_axis_arb_tvalid in module sc_node_v1_0_17_si_handler__parameterized7 is either unconnected or has no load
WARNING: [Synth 8-7129] Port s_axis_arb_tdata[15] in module sc_node_v1_0_17_si_handler__parameterized7 is either unconnected or has no load
WARNING: [Synth 8-7129] Port s_axis_arb_tdata[14] in module sc_node_v1_0_17_si_handler__parameterized7 is either unconnected or has no load
WARNING: [Synth 8-7129] Port s_axis_arb_tdata[13] in module sc_node_v1_0_17_si_handler__parameterized7 is either unconnected or has no load
WARNING: [Synth 8-7129] Port s_axis_arb_tdata[12] in module sc_node_v1_0_17_si_handler__parameterized7 is either unconnected or has no load
WARNING: [Synth 8-7129] Port s_axis_arb_tdata[11] in module sc_node_v1_0_17_si_handler__parameterized7 is either unconnected or has no load
WARNING: [Synth 8-7129] Port s_axis_arb_tdata[10] in module sc_node_v1_0_17_si_handler__parameterized7 is either unconnected or has no load
WARNING: [Synth 8-7129] Port s_axis_arb_tdata[9] in module sc_node_v1_0_17_si_handler__parameterized7 is either unconnected or has no load
WARNING: [Synth 8-7129] Port s_axis_arb_tdata[8] in module sc_node_v1_0_17_si_handler__parameterized7 is either unconnected or has no load
WARNING: [Synth 8-7129] Port s_axis_arb_tdata[7] in module sc_node_v1_0_17_si_handler__parameterized7 is either unconnected or has no load
WARNING: [Synth 8-7129] Port s_axis_arb_tdata[6] in module sc_node_v1_0_17_si_handler__parameterized7 is either unconnected or has no load
WARNING: [Synth 8-7129] Port s_axis_arb_tdata[5] in module sc_node_v1_0_17_si_handler__parameterized7 is either unconnected or has no load
WARNING: [Synth 8-7129] Port s_axis_arb_tdata[4] in module sc_node_v1_0_17_si_handler__parameterized7 is either unconnected or has no load
WARNING: [Synth 8-7129] Port s_axis_arb_tdata[3] in module sc_node_v1_0_17_si_handler__parameterized7 is either unconnected or has no load
WARNING: [Synth 8-7129] Port s_axis_arb_tdata[2] in module sc_node_v1_0_17_si_handler__parameterized7 is either unconnected or has no load
WARNING: [Synth 8-7129] Port s_axis_arb_tdata[1] in module sc_node_v1_0_17_si_handler__parameterized7 is either unconnected or has no load
WARNING: [Synth 8-7129] Port s_axis_arb_tdata[0] in module sc_node_v1_0_17_si_handler__parameterized7 is either unconnected or has no load
WARNING: [Synth 8-7129] Port m_axis_arb_tready in module sc_node_v1_0_17_si_handler__parameterized7 is either unconnected or has no load
WARNING: [Synth 8-7129] Port m_sc_aclken in module sc_node_v1_0_17_top__parameterized12 is either unconnected or has no load
WARNING: [Synth 8-7129] Port aclk in module sc_util_v1_0_4_pipeline__parameterized8 is either unconnected or has no load
WARNING: [Synth 8-7129] Port aclken in module sc_util_v1_0_4_pipeline__parameterized8 is either unconnected or has no load
WARNING: [Synth 8-7129] Port areset in module sc_util_v1_0_4_pipeline__parameterized8 is either unconnected or has no load
WARNING: [Synth 8-7129] Port aclk in module sc_util_v1_0_4_pipeline__parameterized2 is either unconnected or has no load
WARNING: [Synth 8-7129] Port aclken in module sc_util_v1_0_4_pipeline__parameterized2 is either unconnected or has no load
WARNING: [Synth 8-7129] Port areset in module sc_util_v1_0_4_pipeline__parameterized2 is either unconnected or has no load
WARNING: [Synth 8-7129] Port s_sc_info[1] in module sc_node_v1_0_17_si_handler__parameterized6 is either unconnected or has no load
WARNING: [Synth 8-7129] Port s_sc_info[0] in module sc_node_v1_0_17_si_handler__parameterized6 is either unconnected or has no load
WARNING: [Synth 8-7129] Port s_axis_arb_tvalid in module sc_node_v1_0_17_si_handler__parameterized6 is either unconnected or has no load
WARNING: [Synth 8-7129] Port s_axis_arb_tdata[15] in module sc_node_v1_0_17_si_handler__parameterized6 is either unconnected or has no load
WARNING: [Synth 8-7129] Port s_axis_arb_tdata[14] in module sc_node_v1_0_17_si_handler__parameterized6 is either unconnected or has no load
WARNING: [Synth 8-7129] Port s_axis_arb_tdata[13] in module sc_node_v1_0_17_si_handler__parameterized6 is either unconnected or has no load
WARNING: [Synth 8-7129] Port s_axis_arb_tdata[12] in module sc_node_v1_0_17_si_handler__parameterized6 is either unconnected or has no load
WARNING: [Synth 8-7129] Port s_axis_arb_tdata[11] in module sc_node_v1_0_17_si_handler__parameterized6 is either unconnected or has no load
WARNING: [Synth 8-7129] Port s_axis_arb_tdata[10] in module sc_node_v1_0_17_si_handler__parameterized6 is either unconnected or has no load
INFO: [Common 17-14] Message 'Synth 8-7129' appears 100 times and further instances of the messages will be disabled. Use the Tcl command set_msg_config to change the current settings.
---------------------------------------------------------------------------------
Finished RTL Elaboration : Time (s): cpu = 00:00:08 ; elapsed = 00:15:18 . Memory (MB): peak = 1916.512 ; gain = 423.258
---------------------------------------------------------------------------------
---------------------------------------------------------------------------------
Start Handling Custom Attributes
---------------------------------------------------------------------------------
---------------------------------------------------------------------------------
Finished Handling Custom Attributes : Time (s): cpu = 00:00:08 ; elapsed = 00:15:18 . Memory (MB): peak = 1916.512 ; gain = 423.258
---------------------------------------------------------------------------------
---------------------------------------------------------------------------------
Finished RTL Optimization Phase 1 : Time (s): cpu = 00:00:08 ; elapsed = 00:15:18 . Memory (MB): peak = 1916.512 ; gain = 423.258
---------------------------------------------------------------------------------
Netlist sorting complete. Time (s): cpu = 00:00:01 ; elapsed = 00:00:02 . Memory (MB): peak = 1916.512 ; gain = 0.000
INFO: [Netlist 29-17] Analyzing 13 Unisim elements for replacement
INFO: [Netlist 29-28] Unisim Transformation completed in 0 CPU seconds
INFO: [Project 1-570] Preparing netlist for logic optimization

Processing XDC Constraints
Initializing timing engine
Parsing XDC File [c:/project_4/project_4.gen/sources_1/bd/arm_processor/ip/arm_processor_axi_smc_1/ooc.xdc] for cell 'inst'
create_clock: Time (s): cpu = 00:00:05 ; elapsed = 00:00:10 . Memory (MB): peak = 2163.410 ; gain = 29.254
Finished Parsing XDC File [c:/project_4/project_4.gen/sources_1/bd/arm_processor/ip/arm_processor_axi_smc_1/ooc.xdc] for cell 'inst'
Parsing XDC File [c:/project_4/project_4.gen/sources_1/bd/arm_processor/ip/arm_processor_axi_smc_1/bd_0/ip/ip_1/bd_da22_psr_aclk_0_board.xdc] for cell 'inst/clk_map/psr_aclk/U0'
Finished Parsing XDC File [c:/project_4/project_4.gen/sources_1/bd/arm_processor/ip/arm_processor_axi_smc_1/bd_0/ip/ip_1/bd_da22_psr_aclk_0_board.xdc] for cell 'inst/clk_map/psr_aclk/U0'
Parsing XDC File [c:/project_4/project_4.gen/sources_1/bd/arm_processor/ip/arm_processor_axi_smc_1/bd_0/ip/ip_1/bd_da22_psr_aclk_0.xdc] for cell 'inst/clk_map/psr_aclk/U0'
Finished Parsing XDC File [c:/project_4/project_4.gen/sources_1/bd/arm_processor/ip/arm_processor_axi_smc_1/bd_0/ip/ip_1/bd_da22_psr_aclk_0.xdc] for cell 'inst/clk_map/psr_aclk/U0'
INFO: [Project 1-236] Implementation specific constraints were found while reading constraint file [c:/project_4/project_4.gen/sources_1/bd/arm_processor/ip/arm_processor_axi_smc_1/bd_0/ip/ip_1/bd_da22_psr_aclk_0.xdc]. These constraints will be ignored for synthesis but will be used in implementation. Impacted constraints are listed in the file [.Xil/arm_processor_axi_smc_1_propImpl.xdc].
Resolution: To avoid this warning, move constraints listed in [.Xil/arm_processor_axi_smc_1_propImpl.xdc] to another XDC file and exclude this new file from synthesis with the used_in_synthesis property (File Properties dialog in GUI) and re-run elaboration/synthesis.
Parsing XDC File [c:/project_4/project_4.gen/sources_1/bd/arm_processor/ip/arm_processor_axi_smc_1/smartconnect.xdc] for cell 'inst'
Finished Parsing XDC File [c:/project_4/project_4.gen/sources_1/bd/arm_processor/ip/arm_processor_axi_smc_1/smartconnect.xdc] for cell 'inst'
Parsing XDC File [C:/project_4/project_4.runs/arm_processor_axi_smc_1_synth_1/dont_touch.xdc]
Finished Parsing XDC File [C:/project_4/project_4.runs/arm_processor_axi_smc_1_synth_1/dont_touch.xdc]
INFO: [Project 1-1714] 34 XPM XDC files have been applied to the design.
Completed Processing XDC Constraints

Netlist sorting complete. Time (s): cpu = 00:00:00 ; elapsed = 00:00:00.009 . Memory (MB): peak = 2163.410 ; gain = 0.000
INFO: [Project 1-111] Unisim Transformation Summary:
  A total of 13 instances were transformed.
  FDR => FDRE: 12 instances
  SRL16 => SRL16E: 1 instance 

Constraint Validation Runtime : Time (s): cpu = 00:00:00 ; elapsed = 00:00:00.251 . Memory (MB): peak = 2169.336 ; gain = 5.926
INFO: [Designutils 20-5008] Incremental synthesis strategy off
