
*** Running vivado
    with args -log arm_processor_util_ff_0_0.vds -m64 -product Vivado -mode batch -messageDb vivado.pb -notrace -source arm_processor_util_ff_0_0.tcl



****** Vivado v2024.2 (64-bit)
  **** SW Build 5239630 on Fri Nov 08 22:35:27 MST 2024
  **** IP Build 5239520 on Sun Nov 10 16:12:51 MST 2024
  **** SharedData Build 5239561 on Fri Nov 08 14:39:27 MST 2024
  **** Start of session at: Thu Jan  9 13:22:03 2025
    ** Copyright 1986-2022 Xilinx, Inc. All Rights Reserved.
    ** Copyright 2022-2024 Advanced Micro Devices, Inc. All Rights Reserved.

source arm_processor_util_ff_0_0.tcl -notrace
INFO: [IP_Flow 19-6924] IPCACHE: Running cache check for IP inst: arm_processor_util_ff_0_0
Command: synth_design -top arm_processor_util_ff_0_0 -part xcku5p-ffvb676-2-e -incremental_mode off -mode out_of_context
Starting synth_design
Attempting to get a license for feature 'Synthesis' and/or device 'xcku5p'
INFO: [Common 17-349] Got license for feature 'Synthesis' and/or device 'xcku5p'
INFO: [Device 21-403] Loading part xcku5p-ffvb676-2-e
INFO: [Synth 8-7079] Multithreading enabled for synth_design using a maximum of 2 processes.
INFO: [Synth 8-7078] Launching helper process for spawning children vivado processes
INFO: [Synth 8-7075] Helper process launched with PID 17688
---------------------------------------------------------------------------------
Starting RTL Elaboration : Time (s): cpu = 00:00:01 ; elapsed = 00:00:05 . Memory (MB): peak = 1682.367 ; gain = 217.312
---------------------------------------------------------------------------------
INFO: [Synth 8-6157] synthesizing module 'arm_processor_util_ff_0_0' [c:/project_4/project_4.gen/sources_1/bd/arm_processor/ip/arm_processor_util_ff_0_0/synth/arm_processor_util_ff_0_0.v:53]
INFO: [Synth 8-6157] synthesizing module 'util_ff_v1_0_4_util_ff' [c:/project_4/project_4.gen/sources_1/bd/arm_processor/ipshared/6652/hdl/util_ff_v1_0_rfs.v:3]
INFO: [Synth 8-6157] synthesizing module 'FDRE' [C:/Xilinx/Vivado/2024.2/scripts/rt/data/unisim_comp.v:43188]
INFO: [Synth 8-6155] done synthesizing module 'FDRE' (0#1) [C:/Xilinx/Vivado/2024.2/scripts/rt/data/unisim_comp.v:43188]
INFO: [Synth 8-6155] done synthesizing module 'util_ff_v1_0_4_util_ff' (0#1) [c:/project_4/project_4.gen/sources_1/bd/arm_processor/ipshared/6652/hdl/util_ff_v1_0_rfs.v:3]
INFO: [Synth 8-6155] done synthesizing module 'arm_processor_util_ff_0_0' (0#1) [c:/project_4/project_4.gen/sources_1/bd/arm_processor/ip/arm_processor_util_ff_0_0/synth/arm_processor_util_ff_0_0.v:53]
WARNING: [Synth 8-7129] Port set in module util_ff_v1_0_4_util_ff is either unconnected or has no load
WARNING: [Synth 8-7129] Port clear in module util_ff_v1_0_4_util_ff is either unconnected or has no load
WARNING: [Synth 8-7129] Port preset in module util_ff_v1_0_4_util_ff is either unconnected or has no load
WARNING: [Synth 8-7129] Port gate_enable in module util_ff_v1_0_4_util_ff is either unconnected or has no load
WARNING: [Synth 8-7129] Port G in module util_ff_v1_0_4_util_ff is either unconnected or has no load
---------------------------------------------------------------------------------
Finished RTL Elaboration : Time (s): cpu = 00:00:02 ; elapsed = 00:00:07 . Memory (MB): peak = 1793.645 ; gain = 328.590
---------------------------------------------------------------------------------
---------------------------------------------------------------------------------
Start Handling Custom Attributes
---------------------------------------------------------------------------------
---------------------------------------------------------------------------------
Finished Handling Custom Attributes : Time (s): cpu = 00:00:02 ; elapsed = 00:00:07 . Memory (MB): peak = 1793.645 ; gain = 328.590
---------------------------------------------------------------------------------
---------------------------------------------------------------------------------
Finished RTL Optimization Phase 1 : Time (s): cpu = 00:00:02 ; elapsed = 00:00:07 . Memory (MB): peak = 1793.645 ; gain = 328.590
---------------------------------------------------------------------------------
Netlist sorting complete. Time (s): cpu = 00:00:00 ; elapsed = 00:00:00 . Memory (MB): peak = 1793.645 ; gain = 0.000
INFO: [Project 1-570] Preparing netlist for logic optimization

Processing XDC Constraints
Initializing timing engine
WARNING: [Designutils 20-1758] instance inst wraps a black box. Constraint reading is skipped for elaborated designs in this case. Skipping constraint file 'c:/project_4/project_4.gen/sources_1/bd/arm_processor/ip/arm_processor_util_ff_0_0/arm_processor_util_ff_0_0_ooc.xdc'.
Parsing XDC File [C:/project_4/project_4.runs/arm_processor_util_ff_0_0_synth_1/dont_touch.xdc]
Finished Parsing XDC File [C:/project_4/project_4.runs/arm_processor_util_ff_0_0_synth_1/dont_touch.xdc]
Completed Processing XDC Constraints

Netlist sorting complete. Time (s): cpu = 00:00:00 ; elapsed = 00:00:00 . Memory (MB): peak = 1820.547 ; gain = 0.000
INFO: [Project 1-111] Unisim Transformation Summary:
No Unisim elements were transformed.

Constraint Validation Runtime : Time (s): cpu = 00:00:00 ; elapsed = 00:00:00.027 . Memory (MB): peak = 1820.641 ; gain = 0.094
INFO: [Designutils 20-5008] Incremental synthesis strategy off
---------------------------------------------------------------------------------
Finished Constraint Validation : Time (s): cpu = 00:00:08 ; elapsed = 00:00:17 . Memory (MB): peak = 1820.641 ; gain = 355.586
---------------------------------------------------------------------------------
---------------------------------------------------------------------------------
Start Loading Part and Timing Information
---------------------------------------------------------------------------------
Loading part: xcku5p-ffvb676-2-e
INFO: [Synth 8-6742] Reading net delay rules and data
---------------------------------------------------------------------------------
Finished Loading Part and Timing Information : Time (s): cpu = 00:00:08 ; elapsed = 00:00:17 . Memory (MB): peak = 1820.641 ; gain = 355.586
---------------------------------------------------------------------------------
---------------------------------------------------------------------------------
Start Applying 'set_property' XDC Constraints
---------------------------------------------------------------------------------
Applied set_property KEEP_HIERARCHY = SOFT for inst. (constraint file  C:/project_4/project_4.runs/arm_processor_util_ff_0_0_synth_1/dont_touch.xdc, line 9).
---------------------------------------------------------------------------------
Finished applying 'set_property' XDC Constraints : Time (s): cpu = 00:00:08 ; elapsed = 00:00:17 . Memory (MB): peak = 1820.641 ; gain = 355.586
---------------------------------------------------------------------------------
---------------------------------------------------------------------------------
Finished RTL Optimization Phase 2 : Time (s): cpu = 00:00:08 ; elapsed = 00:00:17 . Memory (MB): peak = 1820.641 ; gain = 355.586
---------------------------------------------------------------------------------
---------------------------------------------------------------------------------
Start RTL Component Statistics 
---------------------------------------------------------------------------------
Detailed RTL Component Info : 
---------------------------------------------------------------------------------
Finished RTL Component Statistics 
---------------------------------------------------------------------------------
---------------------------------------------------------------------------------
Start Part Resource Summary
---------------------------------------------------------------------------------
Part Resources:
DSPs: 1824 (col length:96)
BRAMs: 960 (col length: RAMB18 96 RAMB36 48)
---------------------------------------------------------------------------------
Finished Part Resource Summary
---------------------------------------------------------------------------------
---------------------------------------------------------------------------------
Start Cross Boundary and Area Optimization
---------------------------------------------------------------------------------
WARNING: [Synth 8-7080] Parallel synthesis criteria is not met
WARNING: [Synth 8-7129] Port set in module util_ff_v1_0_4_util_ff is either unconnected or has no load
WARNING: [Synth 8-7129] Port clear in module util_ff_v1_0_4_util_ff is either unconnected or has no load
WARNING: [Synth 8-7129] Port preset in module util_ff_v1_0_4_util_ff is either unconnected or has no load
WARNING: [Synth 8-7129] Port gate_enable in module util_ff_v1_0_4_util_ff is either unconnected or has no load
WARNING: [Synth 8-7129] Port G in module util_ff_v1_0_4_util_ff is either unconnected or has no load
---------------------------------------------------------------------------------
Finished Cross Boundary and Area Optimization : Time (s): cpu = 00:00:09 ; elapsed = 00:00:19 . Memory (MB): peak = 1820.641 ; gain = 355.586
---------------------------------------------------------------------------------
---------------------------------------------------------------------------------
Start Applying XDC Timing Constraints
---------------------------------------------------------------------------------
---------------------------------------------------------------------------------
Finished Applying XDC Timing Constraints : Time (s): cpu = 00:00:14 ; elapsed = 00:00:30 . Memory (MB): peak = 2404.141 ; gain = 939.086
---------------------------------------------------------------------------------
---------------------------------------------------------------------------------
Start Timing Optimization
---------------------------------------------------------------------------------
---------------------------------------------------------------------------------
Finished Timing Optimization : Time (s): cpu = 00:00:14 ; elapsed = 00:00:30 . Memory (MB): peak = 2404.141 ; gain = 939.086
---------------------------------------------------------------------------------
---------------------------------------------------------------------------------
Start Technology Mapping
---------------------------------------------------------------------------------
---------------------------------------------------------------------------------
Finished Technology Mapping : Time (s): cpu = 00:00:14 ; elapsed = 00:00:30 . Memory (MB): peak = 2413.707 ; gain = 948.652
---------------------------------------------------------------------------------
---------------------------------------------------------------------------------
Start IO Insertion
---------------------------------------------------------------------------------
---------------------------------------------------------------------------------
Start Flattening Before IO Insertion
---------------------------------------------------------------------------------
---------------------------------------------------------------------------------
Finished Flattening Before IO Insertion
---------------------------------------------------------------------------------
---------------------------------------------------------------------------------
Start Final Netlist Cleanup
---------------------------------------------------------------------------------
---------------------------------------------------------------------------------
Finished Final Netlist Cleanup
---------------------------------------------------------------------------------
---------------------------------------------------------------------------------
Finished IO Insertion : Time (s): cpu = 00:00:17 ; elapsed = 00:00:35 . Memory (MB): peak = 2630.879 ; gain = 1165.824
---------------------------------------------------------------------------------
---------------------------------------------------------------------------------
Start Renaming Generated Instances
---------------------------------------------------------------------------------
---------------------------------------------------------------------------------
Finished Renaming Generated Instances : Time (s): cpu = 00:00:17 ; elapsed = 00:00:35 . Memory (MB): peak = 2630.879 ; gain = 1165.824
---------------------------------------------------------------------------------
---------------------------------------------------------------------------------
Start Rebuilding User Hierarchy
---------------------------------------------------------------------------------
---------------------------------------------------------------------------------
Finished Rebuilding User Hierarchy : Time (s): cpu = 00:00:17 ; elapsed = 00:00:35 . Memory (MB): peak = 2630.879 ; gain = 1165.824
---------------------------------------------------------------------------------
---------------------------------------------------------------------------------
Start Renaming Generated Ports
---------------------------------------------------------------------------------
---------------------------------------------------------------------------------
Finished Renaming Generated Ports : Time (s): cpu = 00:00:17 ; elapsed = 00:00:35 . Memory (MB): peak = 2630.879 ; gain = 1165.824
---------------------------------------------------------------------------------
---------------------------------------------------------------------------------
Start Handling Custom Attributes
---------------------------------------------------------------------------------
---------------------------------------------------------------------------------
Finished Handling Custom Attributes : Time (s): cpu = 00:00:17 ; elapsed = 00:00:35 . Memory (MB): peak = 2630.879 ; gain = 1165.824
---------------------------------------------------------------------------------
---------------------------------------------------------------------------------
Start Renaming Generated Nets
---------------------------------------------------------------------------------
---------------------------------------------------------------------------------
Finished Renaming Generated Nets : Time (s): cpu = 00:00:17 ; elapsed = 00:00:35 . Memory (MB): peak = 2630.879 ; gain = 1165.824
---------------------------------------------------------------------------------
---------------------------------------------------------------------------------
Start Writing Synthesis Report
---------------------------------------------------------------------------------

Report BlackBoxes: 
+-+--------------+----------+
| |BlackBox name |Instances |
+-+--------------+----------+
+-+--------------+----------+

Report Cell Usage: 
+------+-----+------+
|      |Cell |Count |
+------+-----+------+
|1     |FDRE |     1|
+------+-----+------+
---------------------------------------------------------------------------------
Finished Writing Synthesis Report : Time (s): cpu = 00:00:17 ; elapsed = 00:00:35 . Memory (MB): peak = 2630.879 ; gain = 1165.824
---------------------------------------------------------------------------------
Synthesis finished with 0 errors, 0 critical warnings and 6 warnings.
Synthesis Optimization Runtime : Time (s): cpu = 00:00:13 ; elapsed = 00:00:33 . Memory (MB): peak = 2630.879 ; gain = 1138.828
Synthesis Optimization Complete : Time (s): cpu = 00:00:17 ; elapsed = 00:00:35 . Memory (MB): peak = 2630.879 ; gain = 1165.824
INFO: [Project 1-571] Translating synthesized netlist
Netlist sorting complete. Time (s): cpu = 00:00:00 ; elapsed = 00:00:00 . Memory (MB): peak = 2630.879 ; gain = 0.000
INFO: [Project 1-570] Preparing netlist for logic optimization
INFO: [Opt 31-138] Pushed 0 inverter(s) to 0 load pin(s).
Netlist sorting complete. Time (s): cpu = 00:00:00 ; elapsed = 00:00:00 . Memory (MB): peak = 2630.879 ; gain = 0.000
INFO: [Project 1-111] Unisim Transformation Summary:
No Unisim elements were transformed.

Synth Design complete | Checksum: 3e0e42ba
INFO: [Common 17-83] Releasing license: Synthesis
21 Infos, 12 Warnings, 0 Critical Warnings and 0 Errors encountered.
synth_design completed successfully
synth_design: Time (s): cpu = 00:00:19 ; elapsed = 00:00:43 . Memory (MB): peak = 2630.879 ; gain = 2218.395
INFO: [Common 17-1381] The checkpoint 'C:/project_4/project_4.runs/arm_processor_util_ff_0_0_synth_1/arm_processor_util_ff_0_0.dcp' has been generated.
INFO: [Coretcl 2-1648] Added synthesis output to IP cache for IP arm_processor_util_ff_0_0, cache-ID = 745479cb2248039e
INFO: [Common 17-1381] The checkpoint 'C:/project_4/project_4.runs/arm_processor_util_ff_0_0_synth_1/arm_processor_util_ff_0_0.dcp' has been generated.
INFO: [Vivado 12-24828] Executing command : report_utilization -file arm_processor_util_ff_0_0_utilization_synth.rpt -pb arm_processor_util_ff_0_0_utilization_synth.pb
INFO: [Common 17-206] Exiting Vivado at Thu Jan  9 13:22:51 2025...
